[2025-09-16 17:49:50] INFO: Listening on port http://localhost:3000
[2025-09-16 17:49:50] INFO: Connected with database...
[2025-09-16 17:52:46] INFO: Listening on port http://localhost:3000
[2025-09-16 17:52:46] INFO: Connected with database...
[2025-09-16 17:53:10] INFO: Listening on port http://localhost:3000
[2025-09-16 17:53:10] INFO: Connected with database...
[2025-09-16 17:53:12] INFO: Listening on port http://localhost:3000
[2025-09-16 17:53:12] INFO: Connected with database...
[2025-09-16 17:57:10] INFO: Listening on port http://localhost:3000
[2025-09-16 17:57:10] INFO: Connected with database...
[2025-09-16 18:04:51] INFO: Listening on port http://localhost:3000
[2025-09-16 18:04:51] INFO: Connected with database...
[2025-09-16 22:29:51] INFO: Listening on port http://localhost:3000
[2025-09-16 22:29:51] INFO: Connected with database...
[2025-09-17 17:40:23] INFO: Listening on port http://localhost:3000
[2025-09-17 17:40:23] INFO: Connected with database...
[2025-09-17 17:42:18] INFO: Listening on port http://localhost:3000
[2025-09-17 17:42:18] INFO: Connected with database...
[2025-09-17 17:42:27] ERROR: ReferenceError: ngo is not defined
    at D:\final-project\backend\routes\notifications.js:12:63
    at Layer.handleRequest (D:\final-project\backend\node_modules\router\lib\layer.js:152:17)
    at next (D:\final-project\backend\node_modules\router\lib\route.js:157:13)
    at auth (D:\final-project\backend\middleware\auth.js:10:5)
    at Layer.handleRequest (D:\final-project\backend\node_modules\router\lib\layer.js:152:17)
    at next (D:\final-project\backend\node_modules\router\lib\route.js:157:13)
    at Route.dispatch (D:\final-project\backend\node_modules\router\lib\route.js:117:3)
    at handle (D:\final-project\backend\node_modules\router\index.js:435:11)
    at Layer.handleRequest (D:\final-project\backend\node_modules\router\lib\layer.js:152:17)
    at D:\final-project\backend\node_modules\router\index.js:295:15
[2025-09-17 17:42:50] INFO: Listening on port http://localhost:3000
[2025-09-17 17:42:50] INFO: Connected with database...
[2025-09-17 17:47:31] INFO: Listening on port http://localhost:3000
[2025-09-17 17:47:31] INFO: Connected with database...
[2025-09-17 17:48:45] INFO: Listening on port http://localhost:3000
[2025-09-17 17:48:45] INFO: Connected with database...
[2025-09-17 17:51:23] INFO: Listening on port http://localhost:3000
[2025-09-17 17:51:24] INFO: Connected with database...
